
ROM used: 175 (2%)
          175 (2%) including unused fragments

          1 Average locations per line
          5 Average locations per statement

RAM used: 7 (2%) at main() level
          8 (2%) worst case

Stack used: 1 worst case (out of 8 total available)

Lines Stmts  %   Files
----- ----- ---  -----
   46    32 100  main.c
   17     0   0  main.h
  282     0   0  ..\..\..\..\Archivos de programa\PICC\devices\16F877.h
----- -----
  345    32 Total

Page ROM  %  RAM   Vol Diff  Functions:
---- --- --- ---   --- ----  ----------
0     21  12   1             @delay_ms1
0    150  86   0   814  2.9  main

Program metrics:
    Functions               1
    Statements              32
    Comments                69
    Volume (V)              817
    Difficilty (D)          2.9
    Effort to implement (E) 2341
    Time to implement (T)   2 minutes
    Est Delivered Bugs (B)  0
    Cyclomatic Complexity   1
    Maintainability (MI)    95

 Segment     Used  Free
-----------  ----  ----
00000-00003     4  0  
00004-007FF   171  1873  
00800-00FFF     0  2048  
01000-017FF     0  2048  
01800-01FFF     0  2048  



