
ROM used: 1394 (17%)
          1394 (17%) including unused fragments

          3 Average locations per line
          16 Average locations per statement

RAM used: 21 (6%) at main() level
          40 (11%) worst case

Stack used: 4 worst case (out of 8 total available)

Lines Stmts  %   Files
----- ----- ---  -----
   39    21  24  practica10.c
   17     0   0  practica10.h
  282     0   0  ..\..\..\..\Archivos de programa\PICC\devices\16F877.h
  173    65  76  ..\..\..\..\Archivos de programa\PICC\drivers\LCD_M.C
----- -----
  511    86 Total

Page ROM  %  RAM   Vol Diff  Functions:
---- --- --- ---   --- ----  ----------
0     21   2   1             @delay_ms1
0      8   1   0             @const70
 Inline        3   490  4.3  lcd_read_byte
0     12   1   1   134  2.2  lcd_send_nibble
0     58   4   3   317  4.3  lcd_send_byte
0     46   3   2   449  4.7  lcd_init
 Inline        4   186  5.5  lcd_gotoxy
0     53   4   1   272  4.1  lcd_putc
0    252  18   8   630  5.5  MAIN
0     29   2   2             @ITOF
0    117   8  13             @MULFF
0    204  15  14             @DIVFF
0     65   5  10             @FLT
0     16   1   0             @const109
0     31   2   5             @FTOSD
0     66   5  13             @DIV3232
0    204  15  13             @PRINTF_L32D_86FPFPF
0    208  15  13             @PRINTF_L32D_9600_62_63FPFPF

Program metrics:
    Functions               7
    Statements              86
    Comments                125
    Volume (V)              3732
    Difficilty (D)          29.2
    Effort to implement (E) 108782
    Time to implement (T)   1 hours, 41 minutes
    Est Delivered Bugs (B)  1
    Cyclomatic Complexity   8
    Maintainability (MI)    110

 Segment     Used  Free
-----------  ----  ----
00000-00003     4  0  
00004-007FF  1390  654  
00800-00FFF     0  2048  
01000-017FF     0  2048  
01800-01FFF     0  2048  



